-------------------------------------------------------------------------------
Test set: com.example.springsecuritydemo.SpringsecuritydemoApplicationTests
-------------------------------------------------------------------------------
Tests run: 1, Failures: 0, Errors: 1, Skipped: 0, Time elapsed: 11.924 s <<< FAILURE! - in com.example.springsecuritydemo.SpringsecuritydemoApplicationTests
contextLoads  Time elapsed: 0.003 s  <<< ERROR!
java.lang.IllegalStateException: Failed to load ApplicationContext
Caused by: org.springframework.beans.factory.UnsatisfiedDependencyException: Error creating bean with name 'myUserDetailsService': Unsatisfied dependency expressed through field 'userRepository'; nested exception is org.springframework.beans.factory.BeanCreationException: Error creating bean with name 'userRepository' defined in com.example.springsecuritydemo.UserRepository defined in @EnableJpaRepositories declared on SpringsecuritydemoApplication: Invocation of init method failed; nested exception is org.springframework.data.repository.query.QueryCreationException: Could not create query for public abstract java.util.Optional com.example.springsecuritydemo.UserRepository.findByUserName(java.lang.String)! Reason: Failed to create query for method public abstract java.util.Optional com.example.springsecuritydemo.UserRepository.findByUserName(java.lang.String)! No property userName found for type User! Did you mean 'username'?; nested exception is java.lang.IllegalArgumentException: Failed to create query for method public abstract java.util.Optional com.example.springsecuritydemo.UserRepository.findByUserName(java.lang.String)! No property userName found for type User! Did you mean 'username'?
Caused by: org.springframework.beans.factory.BeanCreationException: Error creating bean with name 'userRepository' defined in com.example.springsecuritydemo.UserRepository defined in @EnableJpaRepositories declared on SpringsecuritydemoApplication: Invocation of init method failed; nested exception is org.springframework.data.repository.query.QueryCreationException: Could not create query for public abstract java.util.Optional com.example.springsecuritydemo.UserRepository.findByUserName(java.lang.String)! Reason: Failed to create query for method public abstract java.util.Optional com.example.springsecuritydemo.UserRepository.findByUserName(java.lang.String)! No property userName found for type User! Did you mean 'username'?; nested exception is java.lang.IllegalArgumentException: Failed to create query for method public abstract java.util.Optional com.example.springsecuritydemo.UserRepository.findByUserName(java.lang.String)! No property userName found for type User! Did you mean 'username'?
Caused by: org.springframework.data.repository.query.QueryCreationException: Could not create query for public abstract java.util.Optional com.example.springsecuritydemo.UserRepository.findByUserName(java.lang.String)! Reason: Failed to create query for method public abstract java.util.Optional com.example.springsecuritydemo.UserRepository.findByUserName(java.lang.String)! No property userName found for type User! Did you mean 'username'?; nested exception is java.lang.IllegalArgumentException: Failed to create query for method public abstract java.util.Optional com.example.springsecuritydemo.UserRepository.findByUserName(java.lang.String)! No property userName found for type User! Did you mean 'username'?
Caused by: java.lang.IllegalArgumentException: Failed to create query for method public abstract java.util.Optional com.example.springsecuritydemo.UserRepository.findByUserName(java.lang.String)! No property userName found for type User! Did you mean 'username'?
Caused by: org.springframework.data.mapping.PropertyReferenceException: No property userName found for type User! Did you mean 'username'?

